[0.058s] DEBUG:colcon:Command line arguments: ['/usr/bin/colcon', 'build', '--packages-select', 'interactive_marker_demo']
[0.058s] DEBUG:colcon:Parsed command line arguments: Namespace(log_base=None, log_level=None, verb_name='build', build_base='build', install_base='install', merge_install=False, symlink_install=False, test_result_base=None, continue_on_error=False, executor='parallel', parallel_workers=8, event_handlers=None, ignore_user_meta=False, metas=['./colcon.meta'], base_paths=['.'], packages_ignore=None, packages_ignore_regex=None, paths=None, packages_up_to=None, packages_up_to_regex=None, packages_above=None, packages_above_and_dependencies=None, packages_above_depth=None, packages_select_by_dep=None, packages_skip_by_dep=None, packages_skip_up_to=None, packages_select_build_failed=False, packages_skip_build_finished=False, packages_select_test_failures=False, packages_skip_test_passed=False, packages_select=['interactive_marker_demo'], packages_skip=None, packages_select_regex=None, packages_skip_regex=None, packages_start=None, packages_end=None, allow_overriding=[], cmake_args=None, cmake_target=None, cmake_target_skip_unavailable=False, cmake_clean_cache=False, cmake_clean_first=False, cmake_force_configure=False, ament_cmake_args=None, catkin_cmake_args=None, catkin_skip_building_tests=False, verb_parser=<colcon_defaults.argument_parser.defaults.DefaultArgumentsDecorator object at 0x7686d8037130>, verb_extension=<colcon_core.verb.build.BuildVerb object at 0x7686d8036ce0>, main=<bound method BuildVerb.main of <colcon_core.verb.build.BuildVerb object at 0x7686d8036ce0>>)
[0.150s] Level 1:colcon.colcon_core.package_discovery:discover_packages(colcon_meta) check parameters
[0.151s] Level 1:colcon.colcon_core.package_discovery:discover_packages(recursive) check parameters
[0.151s] Level 1:colcon.colcon_core.package_discovery:discover_packages(ignore) check parameters
[0.151s] Level 1:colcon.colcon_core.package_discovery:discover_packages(path) check parameters
[0.151s] Level 1:colcon.colcon_core.package_discovery:discover_packages(colcon_meta) discover
[0.151s] Level 1:colcon.colcon_core.package_discovery:discover_packages(recursive) discover
[0.151s] INFO:colcon.colcon_core.package_discovery:Crawling recursively for packages in '/home/lcg/ros2_learning_examples'
[0.151s] Level 1:colcon.colcon_core.package_identification:_identify(.) by extensions ['ignore', 'ignore_ament_install']
[0.151s] Level 1:colcon.colcon_core.package_identification:_identify(.) by extension 'ignore'
[0.151s] Level 1:colcon.colcon_core.package_identification:_identify(.) by extension 'ignore_ament_install'
[0.151s] Level 1:colcon.colcon_core.package_identification:_identify(.) by extensions ['colcon_pkg']
[0.151s] Level 1:colcon.colcon_core.package_identification:_identify(.) by extension 'colcon_pkg'
[0.151s] Level 1:colcon.colcon_core.package_identification:_identify(.) by extensions ['colcon_meta']
[0.151s] Level 1:colcon.colcon_core.package_identification:_identify(.) by extension 'colcon_meta'
[0.151s] Level 1:colcon.colcon_core.package_identification:_identify(.) by extensions ['ros']
[0.151s] Level 1:colcon.colcon_core.package_identification:_identify(.) by extension 'ros'
[0.161s] Level 1:colcon.colcon_core.package_identification:_identify(.) by extensions ['cmake', 'python']
[0.161s] Level 1:colcon.colcon_core.package_identification:_identify(.) by extension 'cmake'
[0.161s] Level 1:colcon.colcon_core.package_identification:_identify(.) by extension 'python'
[0.161s] Level 1:colcon.colcon_core.package_identification:_identify(.) by extensions ['python_setup_py']
[0.161s] Level 1:colcon.colcon_core.package_identification:_identify(.) by extension 'python_setup_py'
[0.161s] Level 1:colcon.colcon_core.package_identification:_identify(build) by extensions ['ignore', 'ignore_ament_install']
[0.161s] Level 1:colcon.colcon_core.package_identification:_identify(build) by extension 'ignore'
[0.161s] Level 1:colcon.colcon_core.package_identification:_identify(build) ignored
[0.162s] Level 1:colcon.colcon_core.package_identification:_identify(install) by extensions ['ignore', 'ignore_ament_install']
[0.162s] Level 1:colcon.colcon_core.package_identification:_identify(install) by extension 'ignore'
[0.162s] Level 1:colcon.colcon_core.package_identification:_identify(install) ignored
[0.162s] Level 1:colcon.colcon_core.package_identification:_identify(interactive_marker_demo) by extensions ['ignore', 'ignore_ament_install']
[0.162s] Level 1:colcon.colcon_core.package_identification:_identify(interactive_marker_demo) by extension 'ignore'
[0.162s] Level 1:colcon.colcon_core.package_identification:_identify(interactive_marker_demo) by extension 'ignore_ament_install'
[0.162s] Level 1:colcon.colcon_core.package_identification:_identify(interactive_marker_demo) by extensions ['colcon_pkg']
[0.162s] Level 1:colcon.colcon_core.package_identification:_identify(interactive_marker_demo) by extension 'colcon_pkg'
[0.162s] Level 1:colcon.colcon_core.package_identification:_identify(interactive_marker_demo) by extensions ['colcon_meta']
[0.162s] Level 1:colcon.colcon_core.package_identification:_identify(interactive_marker_demo) by extension 'colcon_meta'
[0.162s] Level 1:colcon.colcon_core.package_identification:_identify(interactive_marker_demo) by extensions ['ros']
[0.162s] Level 1:colcon.colcon_core.package_identification:_identify(interactive_marker_demo) by extension 'ros'
[0.163s] DEBUG:colcon.colcon_core.package_identification:Package 'interactive_marker_demo' with type 'ros.ament_cmake' and name 'interactive_marker_demo'
[0.163s] Level 1:colcon.colcon_core.package_identification:_identify(log) by extensions ['ignore', 'ignore_ament_install']
[0.164s] Level 1:colcon.colcon_core.package_identification:_identify(log) by extension 'ignore'
[0.164s] Level 1:colcon.colcon_core.package_identification:_identify(log) ignored
[0.164s] Level 1:colcon.colcon_core.package_discovery:discover_packages(recursive) using defaults
[0.164s] Level 1:colcon.colcon_core.package_discovery:discover_packages(ignore) discover
[0.164s] Level 1:colcon.colcon_core.package_discovery:discover_packages(ignore) using defaults
[0.164s] Level 1:colcon.colcon_core.package_discovery:discover_packages(path) discover
[0.164s] Level 1:colcon.colcon_core.package_discovery:discover_packages(path) using defaults
[0.175s] Level 1:colcon.colcon_core.package_discovery:discover_packages(prefix_path) check parameters
[0.175s] Level 1:colcon.colcon_core.package_discovery:discover_packages(prefix_path) discover
[0.177s] DEBUG:colcon.colcon_installed_package_information.package_discovery:Found 271 installed packages in /opt/ros/humble
[0.178s] Level 1:colcon.colcon_core.package_discovery:discover_packages(prefix_path) using defaults
[0.205s] Level 5:colcon.colcon_core.verb:set package 'interactive_marker_demo' build argument 'cmake_args' from command line to 'None'
[0.205s] Level 5:colcon.colcon_core.verb:set package 'interactive_marker_demo' build argument 'cmake_target' from command line to 'None'
[0.205s] Level 5:colcon.colcon_core.verb:set package 'interactive_marker_demo' build argument 'cmake_target_skip_unavailable' from command line to 'False'
[0.205s] Level 5:colcon.colcon_core.verb:set package 'interactive_marker_demo' build argument 'cmake_clean_cache' from command line to 'False'
[0.205s] Level 5:colcon.colcon_core.verb:set package 'interactive_marker_demo' build argument 'cmake_clean_first' from command line to 'False'
[0.205s] Level 5:colcon.colcon_core.verb:set package 'interactive_marker_demo' build argument 'cmake_force_configure' from command line to 'False'
[0.205s] Level 5:colcon.colcon_core.verb:set package 'interactive_marker_demo' build argument 'ament_cmake_args' from command line to 'None'
[0.205s] Level 5:colcon.colcon_core.verb:set package 'interactive_marker_demo' build argument 'catkin_cmake_args' from command line to 'None'
[0.205s] Level 5:colcon.colcon_core.verb:set package 'interactive_marker_demo' build argument 'catkin_skip_building_tests' from command line to 'False'
[0.205s] DEBUG:colcon.colcon_core.verb:Building package 'interactive_marker_demo' with the following arguments: {'ament_cmake_args': None, 'build_base': '/home/lcg/ros2_learning_examples/build/interactive_marker_demo', 'catkin_cmake_args': None, 'catkin_skip_building_tests': False, 'cmake_args': None, 'cmake_clean_cache': False, 'cmake_clean_first': False, 'cmake_force_configure': False, 'cmake_target': None, 'cmake_target_skip_unavailable': False, 'install_base': '/home/lcg/ros2_learning_examples/install/interactive_marker_demo', 'merge_install': False, 'path': '/home/lcg/ros2_learning_examples/interactive_marker_demo', 'symlink_install': False, 'test_result_base': None}
[0.205s] INFO:colcon.colcon_core.executor:Executing jobs using 'parallel' executor
[0.206s] DEBUG:colcon.colcon_parallel_executor.executor.parallel:run_until_complete
[0.206s] INFO:colcon.colcon_ros.task.ament_cmake.build:Building ROS package in '/home/lcg/ros2_learning_examples/interactive_marker_demo' with build type 'ament_cmake'
[0.206s] INFO:colcon.colcon_cmake.task.cmake.build:Building CMake package in '/home/lcg/ros2_learning_examples/interactive_marker_demo'
[0.207s] INFO:colcon.colcon_core.plugin_system:Skipping extension 'colcon_core.shell.bat': Not used on non-Windows systems
[0.207s] INFO:colcon.colcon_core.shell:Skip shell extension 'powershell' for command environment: Not usable outside of PowerShell
[0.207s] DEBUG:colcon.colcon_core.shell:Skip shell extension 'dsv' for command environment
[0.212s] DEBUG:colcon.colcon_core.event_handler.log_command:Invoking command in '/home/lcg/ros2_learning_examples/build/interactive_marker_demo': CMAKE_PREFIX_PATH=/opt/ros/humble /usr/bin/cmake /home/lcg/ros2_learning_examples/interactive_marker_demo -DCMAKE_INSTALL_PREFIX=/home/lcg/ros2_learning_examples/install/interactive_marker_demo
[1.071s] DEBUG:colcon.colcon_core.event_handler.log_command:Invoked command in '/home/lcg/ros2_learning_examples/build/interactive_marker_demo' returned '0': CMAKE_PREFIX_PATH=/opt/ros/humble /usr/bin/cmake /home/lcg/ros2_learning_examples/interactive_marker_demo -DCMAKE_INSTALL_PREFIX=/home/lcg/ros2_learning_examples/install/interactive_marker_demo
[1.073s] DEBUG:colcon.colcon_core.event_handler.log_command:Invoking command in '/home/lcg/ros2_learning_examples/build/interactive_marker_demo': CMAKE_PREFIX_PATH=/opt/ros/humble /usr/bin/cmake --build /home/lcg/ros2_learning_examples/build/interactive_marker_demo -- -j8 -l8
[3.241s] DEBUG:colcon.colcon_core.event_handler.log_command:Invoked command in '/home/lcg/ros2_learning_examples/build/interactive_marker_demo' returned '0': CMAKE_PREFIX_PATH=/opt/ros/humble /usr/bin/cmake --build /home/lcg/ros2_learning_examples/build/interactive_marker_demo -- -j8 -l8
[3.247s] DEBUG:colcon.colcon_core.event_handler.log_command:Invoking command in '/home/lcg/ros2_learning_examples/build/interactive_marker_demo': CMAKE_PREFIX_PATH=/opt/ros/humble /usr/bin/cmake --install /home/lcg/ros2_learning_examples/build/interactive_marker_demo
[3.254s] Level 1:colcon.colcon_core.environment:create_environment_scripts_only(interactive_marker_demo)
[3.254s] DEBUG:colcon.colcon_core.event_handler.log_command:Invoked command in '/home/lcg/ros2_learning_examples/build/interactive_marker_demo' returned '0': CMAKE_PREFIX_PATH=/opt/ros/humble /usr/bin/cmake --install /home/lcg/ros2_learning_examples/build/interactive_marker_demo
[3.256s] Level 1:colcon.colcon_core.environment:checking '/home/lcg/ros2_learning_examples/install/interactive_marker_demo' for CMake module files
[3.256s] Level 1:colcon.colcon_core.environment:checking '/home/lcg/ros2_learning_examples/install/interactive_marker_demo' for CMake config files
[3.256s] Level 1:colcon.colcon_core.shell:create_environment_hook('interactive_marker_demo', 'cmake_prefix_path')
[3.256s] INFO:colcon.colcon_core.shell:Creating environment hook '/home/lcg/ros2_learning_examples/install/interactive_marker_demo/share/interactive_marker_demo/hook/cmake_prefix_path.ps1'
[3.257s] INFO:colcon.colcon_core.shell:Creating environment descriptor '/home/lcg/ros2_learning_examples/install/interactive_marker_demo/share/interactive_marker_demo/hook/cmake_prefix_path.dsv'
[3.257s] INFO:colcon.colcon_core.shell:Creating environment hook '/home/lcg/ros2_learning_examples/install/interactive_marker_demo/share/interactive_marker_demo/hook/cmake_prefix_path.sh'
[3.257s] Level 1:colcon.colcon_core.environment:checking '/home/lcg/ros2_learning_examples/install/interactive_marker_demo/lib'
[3.257s] Level 1:colcon.colcon_core.environment:checking '/home/lcg/ros2_learning_examples/install/interactive_marker_demo/bin'
[3.257s] Level 1:colcon.colcon_core.environment:checking '/home/lcg/ros2_learning_examples/install/interactive_marker_demo/lib/pkgconfig/interactive_marker_demo.pc'
[3.258s] Level 1:colcon.colcon_core.environment:checking '/home/lcg/ros2_learning_examples/install/interactive_marker_demo/lib/python3.10/site-packages'
[3.258s] Level 1:colcon.colcon_core.environment:checking '/home/lcg/ros2_learning_examples/install/interactive_marker_demo/bin'
[3.258s] INFO:colcon.colcon_core.shell:Creating package script '/home/lcg/ros2_learning_examples/install/interactive_marker_demo/share/interactive_marker_demo/package.ps1'
[3.258s] INFO:colcon.colcon_core.shell:Creating package descriptor '/home/lcg/ros2_learning_examples/install/interactive_marker_demo/share/interactive_marker_demo/package.dsv'
[3.259s] INFO:colcon.colcon_core.shell:Creating package script '/home/lcg/ros2_learning_examples/install/interactive_marker_demo/share/interactive_marker_demo/package.sh'
[3.259s] INFO:colcon.colcon_core.shell:Creating package script '/home/lcg/ros2_learning_examples/install/interactive_marker_demo/share/interactive_marker_demo/package.bash'
[3.260s] INFO:colcon.colcon_core.shell:Creating package script '/home/lcg/ros2_learning_examples/install/interactive_marker_demo/share/interactive_marker_demo/package.zsh'
[3.260s] Level 1:colcon.colcon_core.environment:create_file_with_runtime_dependencies(/home/lcg/ros2_learning_examples/install/interactive_marker_demo/share/colcon-core/packages/interactive_marker_demo)
[3.260s] Level 1:colcon.colcon_core.environment:create_environment_scripts_only(interactive_marker_demo)
[3.260s] Level 1:colcon.colcon_core.environment:checking '/home/lcg/ros2_learning_examples/install/interactive_marker_demo' for CMake module files
[3.261s] Level 1:colcon.colcon_core.environment:checking '/home/lcg/ros2_learning_examples/install/interactive_marker_demo' for CMake config files
[3.261s] Level 1:colcon.colcon_core.shell:create_environment_hook('interactive_marker_demo', 'cmake_prefix_path')
[3.261s] INFO:colcon.colcon_core.shell:Creating environment hook '/home/lcg/ros2_learning_examples/install/interactive_marker_demo/share/interactive_marker_demo/hook/cmake_prefix_path.ps1'
[3.261s] INFO:colcon.colcon_core.shell:Creating environment descriptor '/home/lcg/ros2_learning_examples/install/interactive_marker_demo/share/interactive_marker_demo/hook/cmake_prefix_path.dsv'
[3.261s] INFO:colcon.colcon_core.shell:Creating environment hook '/home/lcg/ros2_learning_examples/install/interactive_marker_demo/share/interactive_marker_demo/hook/cmake_prefix_path.sh'
[3.262s] Level 1:colcon.colcon_core.environment:checking '/home/lcg/ros2_learning_examples/install/interactive_marker_demo/lib'
[3.262s] Level 1:colcon.colcon_core.environment:checking '/home/lcg/ros2_learning_examples/install/interactive_marker_demo/bin'
[3.262s] Level 1:colcon.colcon_core.environment:checking '/home/lcg/ros2_learning_examples/install/interactive_marker_demo/lib/pkgconfig/interactive_marker_demo.pc'
[3.262s] Level 1:colcon.colcon_core.environment:checking '/home/lcg/ros2_learning_examples/install/interactive_marker_demo/lib/python3.10/site-packages'
[3.262s] Level 1:colcon.colcon_core.environment:checking '/home/lcg/ros2_learning_examples/install/interactive_marker_demo/bin'
[3.262s] INFO:colcon.colcon_core.shell:Creating package script '/home/lcg/ros2_learning_examples/install/interactive_marker_demo/share/interactive_marker_demo/package.ps1'
[3.262s] INFO:colcon.colcon_core.shell:Creating package descriptor '/home/lcg/ros2_learning_examples/install/interactive_marker_demo/share/interactive_marker_demo/package.dsv'
[3.263s] INFO:colcon.colcon_core.shell:Creating package script '/home/lcg/ros2_learning_examples/install/interactive_marker_demo/share/interactive_marker_demo/package.sh'
[3.263s] INFO:colcon.colcon_core.shell:Creating package script '/home/lcg/ros2_learning_examples/install/interactive_marker_demo/share/interactive_marker_demo/package.bash'
[3.263s] INFO:colcon.colcon_core.shell:Creating package script '/home/lcg/ros2_learning_examples/install/interactive_marker_demo/share/interactive_marker_demo/package.zsh'
[3.263s] Level 1:colcon.colcon_core.environment:create_file_with_runtime_dependencies(/home/lcg/ros2_learning_examples/install/interactive_marker_demo/share/colcon-core/packages/interactive_marker_demo)
[3.264s] DEBUG:colcon.colcon_parallel_executor.executor.parallel:closing loop
[3.264s] DEBUG:colcon.colcon_parallel_executor.executor.parallel:loop closed
[3.264s] DEBUG:colcon.colcon_parallel_executor.executor.parallel:run_until_complete finished with '0'
[3.264s] DEBUG:colcon.colcon_core.event_reactor:joining thread
[3.267s] INFO:colcon.colcon_core.plugin_system:Skipping extension 'colcon_notification.desktop_notification.terminal_notifier': Not used on non-Darwin systems
[3.267s] INFO:colcon.colcon_core.plugin_system:Skipping extension 'colcon_notification.desktop_notification.win32': Not used on non-Windows systems
[3.267s] INFO:colcon.colcon_notification.desktop_notification:Sending desktop notification using 'notify2'
[3.276s] DEBUG:colcon.colcon_core.event_reactor:joined thread
[3.276s] INFO:colcon.colcon_core.shell:Creating prefix script '/home/lcg/ros2_learning_examples/install/local_setup.ps1'
[3.277s] INFO:colcon.colcon_core.shell:Creating prefix util module '/home/lcg/ros2_learning_examples/install/_local_setup_util_ps1.py'
[3.278s] INFO:colcon.colcon_core.shell:Creating prefix chain script '/home/lcg/ros2_learning_examples/install/setup.ps1'
[3.279s] INFO:colcon.colcon_core.shell:Creating prefix script '/home/lcg/ros2_learning_examples/install/local_setup.sh'
[3.280s] INFO:colcon.colcon_core.shell:Creating prefix util module '/home/lcg/ros2_learning_examples/install/_local_setup_util_sh.py'
[3.280s] INFO:colcon.colcon_core.shell:Creating prefix chain script '/home/lcg/ros2_learning_examples/install/setup.sh'
[3.281s] INFO:colcon.colcon_core.shell:Creating prefix script '/home/lcg/ros2_learning_examples/install/local_setup.bash'
[3.281s] INFO:colcon.colcon_core.shell:Creating prefix chain script '/home/lcg/ros2_learning_examples/install/setup.bash'
[3.282s] INFO:colcon.colcon_core.shell:Creating prefix script '/home/lcg/ros2_learning_examples/install/local_setup.zsh'
[3.283s] INFO:colcon.colcon_core.shell:Creating prefix chain script '/home/lcg/ros2_learning_examples/install/setup.zsh'
