[0.006s] Invoking command in '/home/lcg/ros2_learning_examples/build/interactive_marker_tutorials': CMAKE_PREFIX_PATH=/opt/ros/humble /usr/bin/cmake /home/lcg/ros2_learning_examples/interactive_marker_tutorials -DCMAKE_INSTALL_PREFIX=/home/lcg/ros2_learning_examples/install/interactive_marker_tutorials
[0.098s] -- The C compiler identification is GNU 11.4.0
[0.203s] -- The CXX compiler identification is GNU 11.4.0
[0.210s] -- Detecting C compiler ABI info
[0.259s] -- Detecting C compiler ABI info - done
[0.265s] -- Check for working C compiler: /usr/bin/cc - skipped
[0.266s] -- Detecting C compile features
[0.266s] -- Detecting C compile features - done
[0.269s] -- Detecting CXX compiler ABI info
[0.333s] -- Detecting CXX compiler ABI info - done
[0.340s] -- Check for working CXX compiler: /usr/bin/c++ - skipped
[0.340s] -- Detecting CXX compile features
[0.341s] -- Detecting CXX compile features - done
[0.344s] -- Found ament_cmake: 1.3.11 (/opt/ros/humble/share/ament_cmake/cmake)
[0.439s] -- Found Python3: /usr/bin/python3 (found version "3.10.12") found components: Interpreter 
[0.498s] -- Found interactive_markers: 2.3.2 (/opt/ros/humble/share/interactive_markers/cmake)
[0.529s] -- Found rosidl_generator_c: 3.1.6 (/opt/ros/humble/share/rosidl_generator_c/cmake)
[0.532s] -- Found rosidl_adapter: 3.1.6 (/opt/ros/humble/share/rosidl_adapter/cmake)
[0.538s] -- Found rosidl_generator_cpp: 3.1.6 (/opt/ros/humble/share/rosidl_generator_cpp/cmake)
[0.548s] -- Using all available rosidl_typesupport_c: rosidl_typesupport_fastrtps_c;rosidl_typesupport_introspection_c
[0.559s] -- Using all available rosidl_typesupport_cpp: rosidl_typesupport_fastrtps_cpp;rosidl_typesupport_introspection_cpp
[0.589s] -- Found rmw_implementation_cmake: 6.1.2 (/opt/ros/humble/share/rmw_implementation_cmake/cmake)
[0.590s] -- Found rmw_fastrtps_cpp: 6.2.7 (/opt/ros/humble/share/rmw_fastrtps_cpp/cmake)
[0.645s] -- Found OpenSSL: /usr/lib/x86_64-linux-gnu/libcrypto.so (found version "3.0.2")  
[0.661s] -- Found FastRTPS: /opt/ros/humble/include  
[0.683s] -- Using RMW implementation 'rmw_fastrtps_cpp' as default
[0.689s] -- Looking for pthread.h
[0.750s] -- Looking for pthread.h - found
[0.750s] -- Performing Test CMAKE_HAVE_LIBC_PTHREAD
[0.798s] -- Performing Test CMAKE_HAVE_LIBC_PTHREAD - Success
[0.799s] -- Found Threads: TRUE  
[0.885s] -- Found rclcpp_components: 16.0.12 (/opt/ros/humble/share/rclcpp_components/cmake)
[0.900s] -- Found tf2_geometry_msgs: 0.25.12 (/opt/ros/humble/share/tf2_geometry_msgs/cmake)
[0.909s] -- Found eigen3_cmake_module: 0.1.1 (/opt/ros/humble/share/eigen3_cmake_module/cmake)
[0.910s] -- Found Eigen3: TRUE (found version "3.4.0") 
[0.910s] -- Ensuring Eigen3 include directory is part of orocos-kdl CMake target
[0.963s] -- Found ament_lint_auto: 0.12.12 (/opt/ros/humble/share/ament_lint_auto/cmake)
[1.014s] -- Added test 'copyright' to check source files copyright and LICENSE
[1.015s] -- Added test 'cppcheck' to perform static code analysis on C / C++ code
[1.015s] -- Configured cppcheck include dirs: 
[1.015s] -- Configured cppcheck exclude dirs and/or files: 
[1.016s] -- Added test 'cpplint' to check C / C++ code against the Google style
[1.016s] -- Configured cpplint exclude dirs and/or files: 
[1.016s] -- Added test 'flake8' to check Python code syntax and style conventions
[1.017s] -- Added test 'lint_cmake' to check CMake code style
[1.017s] -- Added test 'pep257' to check Python code against some of the docstring style conventions in PEP 257
[1.018s] -- Added test 'uncrustify' to check C / C++ code style
[1.018s] -- Configured uncrustify additional arguments: 
[1.018s] -- Added test 'xmllint' to check XML markup files
[1.020s] -- Configuring done
[1.047s] -- Generating done
[1.058s] -- Build files have been written to: /home/lcg/ros2_learning_examples/build/interactive_marker_tutorials
[1.064s] Invoked command in '/home/lcg/ros2_learning_examples/build/interactive_marker_tutorials' returned '0': CMAKE_PREFIX_PATH=/opt/ros/humble /usr/bin/cmake /home/lcg/ros2_learning_examples/interactive_marker_tutorials -DCMAKE_INSTALL_PREFIX=/home/lcg/ros2_learning_examples/install/interactive_marker_tutorials
[1.066s] Invoking command in '/home/lcg/ros2_learning_examples/build/interactive_marker_tutorials': CMAKE_PREFIX_PATH=/opt/ros/humble /usr/bin/cmake --build /home/lcg/ros2_learning_examples/build/interactive_marker_tutorials -- -j8 -l8
[1.101s] [  7%] [32mBuilding CXX object CMakeFiles/simple_marker.dir/src/simple_marker.cpp.o[0m
[1.102s] [ 14%] [32mBuilding CXX object CMakeFiles/pong.dir/rclcpp_components/node_main_pong.cpp.o[0m
[1.102s] [ 21%] [32mBuilding CXX object CMakeFiles/cube.dir/src/cube.cpp.o[0m
[1.102s] [ 28%] [32mBuilding CXX object CMakeFiles/basic_controls.dir/src/basic_controls.cpp.o[0m
[1.102s] [ 35%] [32mBuilding CXX object CMakeFiles/selection.dir/src/selection.cpp.o[0m
[1.102s] [ 42%] [32mBuilding CXX object CMakeFiles/menu.dir/src/menu.cpp.o[0m
[1.102s] [ 50%] [32mBuilding CXX object CMakeFiles/pong_library.dir/src/pong.cpp.o[0m
[4.154s] [ 57%] [32m[1mLinking CXX shared library libpong_library.so[0m
[4.355s] [ 57%] Built target pong_library
[4.736s] [ 64%] [32m[1mLinking CXX executable pong[0m
[4.789s] [ 71%] [32m[1mLinking CXX executable simple_marker[0m
[4.890s] [ 71%] Built target pong
[4.912s] [ 71%] Built target simple_marker
[4.921s] [ 78%] [32m[1mLinking CXX executable menu[0m
[5.026s] [ 78%] Built target menu
[5.054s] [ 85%] [32m[1mLinking CXX executable cube[0m
[5.163s] [ 85%] Built target cube
[5.254s] [ 92%] [32m[1mLinking CXX executable selection[0m
[5.361s] [ 92%] Built target selection
[6.281s] [100%] [32m[1mLinking CXX executable basic_controls[0m
[6.430s] [100%] Built target basic_controls
[6.438s] Invoked command in '/home/lcg/ros2_learning_examples/build/interactive_marker_tutorials' returned '0': CMAKE_PREFIX_PATH=/opt/ros/humble /usr/bin/cmake --build /home/lcg/ros2_learning_examples/build/interactive_marker_tutorials -- -j8 -l8
[6.444s] Invoking command in '/home/lcg/ros2_learning_examples/build/interactive_marker_tutorials': CMAKE_PREFIX_PATH=/opt/ros/humble /usr/bin/cmake --install /home/lcg/ros2_learning_examples/build/interactive_marker_tutorials
[6.449s] -- Install configuration: ""
[6.449s] -- Installing: /home/lcg/ros2_learning_examples/install/interactive_marker_tutorials/lib/interactive_marker_tutorials/pong
[6.449s] -- Set runtime path of "/home/lcg/ros2_learning_examples/install/interactive_marker_tutorials/lib/interactive_marker_tutorials/pong" to ""
[6.449s] -- Installing: /home/lcg/ros2_learning_examples/install/interactive_marker_tutorials/bin/basic_controls.py
[6.450s] -- Installing: /home/lcg/ros2_learning_examples/install/interactive_marker_tutorials/bin/cube.py
[6.450s] -- Installing: /home/lcg/ros2_learning_examples/install/interactive_marker_tutorials/bin/menu.py
[6.450s] -- Installing: /home/lcg/ros2_learning_examples/install/interactive_marker_tutorials/bin/simple_marker.py
[6.450s] -- Installing: /home/lcg/ros2_learning_examples/install/interactive_marker_tutorials/lib/libpong_library.so
[6.451s] -- Set runtime path of "/home/lcg/ros2_learning_examples/install/interactive_marker_tutorials/lib/libpong_library.so" to ""
[6.451s] -- Installing: /home/lcg/ros2_learning_examples/install/interactive_marker_tutorials/lib/interactive_marker_tutorials/basic_controls
[6.453s] -- Set runtime path of "/home/lcg/ros2_learning_examples/install/interactive_marker_tutorials/lib/interactive_marker_tutorials/basic_controls" to ""
[6.453s] -- Installing: /home/lcg/ros2_learning_examples/install/interactive_marker_tutorials/lib/interactive_marker_tutorials/cube
[6.453s] -- Set runtime path of "/home/lcg/ros2_learning_examples/install/interactive_marker_tutorials/lib/interactive_marker_tutorials/cube" to ""
[6.453s] -- Installing: /home/lcg/ros2_learning_examples/install/interactive_marker_tutorials/lib/interactive_marker_tutorials/selection
[6.454s] -- Set runtime path of "/home/lcg/ros2_learning_examples/install/interactive_marker_tutorials/lib/interactive_marker_tutorials/selection" to ""
[6.454s] -- Installing: /home/lcg/ros2_learning_examples/install/interactive_marker_tutorials/lib/interactive_marker_tutorials/simple_marker
[6.454s] -- Set runtime path of "/home/lcg/ros2_learning_examples/install/interactive_marker_tutorials/lib/interactive_marker_tutorials/simple_marker" to ""
[6.454s] -- Installing: /home/lcg/ros2_learning_examples/install/interactive_marker_tutorials/lib/interactive_marker_tutorials/menu
[6.455s] -- Set runtime path of "/home/lcg/ros2_learning_examples/install/interactive_marker_tutorials/lib/interactive_marker_tutorials/menu" to ""
[6.455s] -- Installing: /home/lcg/ros2_learning_examples/install/interactive_marker_tutorials/share/ament_index/resource_index/package_run_dependencies/interactive_marker_tutorials
[6.456s] -- Installing: /home/lcg/ros2_learning_examples/install/interactive_marker_tutorials/share/ament_index/resource_index/parent_prefix_path/interactive_marker_tutorials
[6.456s] -- Installing: /home/lcg/ros2_learning_examples/install/interactive_marker_tutorials/share/interactive_marker_tutorials/environment/ament_prefix_path.sh
[6.456s] -- Installing: /home/lcg/ros2_learning_examples/install/interactive_marker_tutorials/share/interactive_marker_tutorials/environment/ament_prefix_path.dsv
[6.456s] -- Installing: /home/lcg/ros2_learning_examples/install/interactive_marker_tutorials/share/interactive_marker_tutorials/environment/path.sh
[6.456s] -- Installing: /home/lcg/ros2_learning_examples/install/interactive_marker_tutorials/share/interactive_marker_tutorials/environment/path.dsv
[6.456s] -- Installing: /home/lcg/ros2_learning_examples/install/interactive_marker_tutorials/share/interactive_marker_tutorials/local_setup.bash
[6.456s] -- Installing: /home/lcg/ros2_learning_examples/install/interactive_marker_tutorials/share/interactive_marker_tutorials/local_setup.sh
[6.456s] -- Installing: /home/lcg/ros2_learning_examples/install/interactive_marker_tutorials/share/interactive_marker_tutorials/local_setup.zsh
[6.456s] -- Installing: /home/lcg/ros2_learning_examples/install/interactive_marker_tutorials/share/interactive_marker_tutorials/local_setup.dsv
[6.457s] -- Installing: /home/lcg/ros2_learning_examples/install/interactive_marker_tutorials/share/interactive_marker_tutorials/package.dsv
[6.457s] -- Installing: /home/lcg/ros2_learning_examples/install/interactive_marker_tutorials/share/ament_index/resource_index/packages/interactive_marker_tutorials
[6.457s] -- Installing: /home/lcg/ros2_learning_examples/install/interactive_marker_tutorials/share/ament_index/resource_index/rclcpp_components/interactive_marker_tutorials
[6.457s] -- Installing: /home/lcg/ros2_learning_examples/install/interactive_marker_tutorials/share/interactive_marker_tutorials/cmake/ament_cmake_export_dependencies-extras.cmake
[6.457s] -- Installing: /home/lcg/ros2_learning_examples/install/interactive_marker_tutorials/share/interactive_marker_tutorials/cmake/interactive_marker_tutorialsConfig.cmake
[6.457s] -- Installing: /home/lcg/ros2_learning_examples/install/interactive_marker_tutorials/share/interactive_marker_tutorials/cmake/interactive_marker_tutorialsConfig-version.cmake
[6.457s] -- Installing: /home/lcg/ros2_learning_examples/install/interactive_marker_tutorials/share/interactive_marker_tutorials/package.xml
[6.459s] Invoked command in '/home/lcg/ros2_learning_examples/build/interactive_marker_tutorials' returned '0': CMAKE_PREFIX_PATH=/opt/ros/humble /usr/bin/cmake --install /home/lcg/ros2_learning_examples/build/interactive_marker_tutorials
