-- The C compiler identification is GNU 11.4.0
-- The CXX compiler identification is GNU 11.4.0
-- Detecting C compiler ABI info
-- Detecting C compiler ABI info - done
-- Check for working C compiler: /usr/bin/cc - skipped
-- Detecting C compile features
-- Detecting C compile features - done
-- Detecting CXX compiler ABI info
-- Detecting CXX compiler ABI info - done
-- Check for working CXX compiler: /usr/bin/c++ - skipped
-- Detecting CXX compile features
-- Detecting CXX compile features - done
-- Found ament_cmake: 1.3.11 (/opt/ros/humble/share/ament_cmake/cmake)
-- Found Python3: /usr/bin/python3 (found version "3.10.12") found components: Interpreter 
-- Found rclcpp: 16.0.12 (/opt/ros/humble/share/rclcpp/cmake)
-- Found rosidl_generator_c: 3.1.6 (/opt/ros/humble/share/rosidl_generator_c/cmake)
-- Found rosidl_adapter: 3.1.6 (/opt/ros/humble/share/rosidl_adapter/cmake)
-- Found rosidl_generator_cpp: 3.1.6 (/opt/ros/humble/share/rosidl_generator_cpp/cmake)
-- Using all available rosidl_typesupport_c: rosidl_typesupport_fastrtps_c;rosidl_typesupport_introspection_c
-- Using all available rosidl_typesupport_cpp: rosidl_typesupport_fastrtps_cpp;rosidl_typesupport_introspection_cpp
-- Found rmw_implementation_cmake: 6.1.2 (/opt/ros/humble/share/rmw_implementation_cmake/cmake)
-- Found rmw_fastrtps_cpp: 6.2.7 (/opt/ros/humble/share/rmw_fastrtps_cpp/cmake)
-- Found OpenSSL: /usr/lib/x86_64-linux-gnu/libcrypto.so (found version "3.0.2")  
-- Found FastRTPS: /opt/ros/humble/include  
-- Using RMW implementation 'rmw_fastrtps_cpp' as default
-- Looking for pthread.h
-- Looking for pthread.h - found
-- Performing Test CMAKE_HAVE_LIBC_PTHREAD
-- Performing Test CMAKE_HAVE_LIBC_PTHREAD - Success
-- Found Threads: TRUE  
-- Found visualization_msgs: 4.8.0 (/opt/ros/humble/share/visualization_msgs/cmake)
-- Found interactive_markers: 2.3.2 (/opt/ros/humble/share/interactive_markers/cmake)
-- Configuring done
-- Generating done
-- Build files have been written to: /home/lcg/ros2_learning_examples/build/interactive_marker_demo
[ 50%] [32mBuilding CXX object CMakeFiles/interactive_marker_server.dir/src/interactive_marker_server.cpp.o[0m
[100%] [32m[1mLinking CXX executable interactive_marker_server[0m
[100%] Built target interactive_marker_server
-- Install configuration: ""
-- Installing: /home/lcg/ros2_learning_examples/install/interactive_marker_demo/lib/interactive_marker_demo/interactive_marker_server
-- Set runtime path of "/home/lcg/ros2_learning_examples/install/interactive_marker_demo/lib/interactive_marker_demo/interactive_marker_server" to ""
-- Installing: /home/lcg/ros2_learning_examples/install/interactive_marker_demo/share/ament_index/resource_index/package_run_dependencies/interactive_marker_demo
-- Installing: /home/lcg/ros2_learning_examples/install/interactive_marker_demo/share/ament_index/resource_index/parent_prefix_path/interactive_marker_demo
-- Installing: /home/lcg/ros2_learning_examples/install/interactive_marker_demo/share/interactive_marker_demo/environment/ament_prefix_path.sh
-- Installing: /home/lcg/ros2_learning_examples/install/interactive_marker_demo/share/interactive_marker_demo/environment/ament_prefix_path.dsv
-- Installing: /home/lcg/ros2_learning_examples/install/interactive_marker_demo/share/interactive_marker_demo/environment/path.sh
-- Installing: /home/lcg/ros2_learning_examples/install/interactive_marker_demo/share/interactive_marker_demo/environment/path.dsv
-- Installing: /home/lcg/ros2_learning_examples/install/interactive_marker_demo/share/interactive_marker_demo/local_setup.bash
-- Installing: /home/lcg/ros2_learning_examples/install/interactive_marker_demo/share/interactive_marker_demo/local_setup.sh
-- Installing: /home/lcg/ros2_learning_examples/install/interactive_marker_demo/share/interactive_marker_demo/local_setup.zsh
-- Installing: /home/lcg/ros2_learning_examples/install/interactive_marker_demo/share/interactive_marker_demo/local_setup.dsv
-- Installing: /home/lcg/ros2_learning_examples/install/interactive_marker_demo/share/interactive_marker_demo/package.dsv
-- Installing: /home/lcg/ros2_learning_examples/install/interactive_marker_demo/share/ament_index/resource_index/packages/interactive_marker_demo
-- Installing: /home/lcg/ros2_learning_examples/install/interactive_marker_demo/share/interactive_marker_demo/cmake/interactive_marker_demoConfig.cmake
-- Installing: /home/lcg/ros2_learning_examples/install/interactive_marker_demo/share/interactive_marker_demo/cmake/interactive_marker_demoConfig-version.cmake
-- Installing: /home/lcg/ros2_learning_examples/install/interactive_marker_demo/share/interactive_marker_demo/package.xml
