[0.118s] DEBUG:colcon:Command line arguments: ['/usr/bin/colcon', 'build', '--packages-select', 'interactive_marker_tutorials']
[0.118s] DEBUG:colcon:Parsed command line arguments: Namespace(log_base=None, log_level=None, verb_name='build', build_base='build', install_base='install', merge_install=False, symlink_install=False, test_result_base=None, continue_on_error=False, executor='parallel', parallel_workers=8, event_handlers=None, ignore_user_meta=False, metas=['./colcon.meta'], base_paths=['.'], packages_ignore=None, packages_ignore_regex=None, paths=None, packages_up_to=None, packages_up_to_regex=None, packages_above=None, packages_above_and_dependencies=None, packages_above_depth=None, packages_select_by_dep=None, packages_skip_by_dep=None, packages_skip_up_to=None, packages_select_build_failed=False, packages_skip_build_finished=False, packages_select_test_failures=False, packages_skip_test_passed=False, packages_select=['interactive_marker_tutorials'], packages_skip=None, packages_select_regex=None, packages_skip_regex=None, packages_start=None, packages_end=None, allow_overriding=[], cmake_args=None, cmake_target=None, cmake_target_skip_unavailable=False, cmake_clean_cache=False, cmake_clean_first=False, cmake_force_configure=False, ament_cmake_args=None, catkin_cmake_args=None, catkin_skip_building_tests=False, verb_parser=<colcon_defaults.argument_parser.defaults.DefaultArgumentsDecorator object at 0x719545c33130>, verb_extension=<colcon_core.verb.build.BuildVerb object at 0x719545c32ce0>, main=<bound method BuildVerb.main of <colcon_core.verb.build.BuildVerb object at 0x719545c32ce0>>)
[0.246s] Level 1:colcon.colcon_core.package_discovery:discover_packages(colcon_meta) check parameters
[0.246s] Level 1:colcon.colcon_core.package_discovery:discover_packages(recursive) check parameters
[0.246s] Level 1:colcon.colcon_core.package_discovery:discover_packages(ignore) check parameters
[0.246s] Level 1:colcon.colcon_core.package_discovery:discover_packages(path) check parameters
[0.246s] Level 1:colcon.colcon_core.package_discovery:discover_packages(colcon_meta) discover
[0.246s] Level 1:colcon.colcon_core.package_discovery:discover_packages(recursive) discover
[0.246s] INFO:colcon.colcon_core.package_discovery:Crawling recursively for packages in '/home/lcg/ros2_learning_examples'
[0.246s] Level 1:colcon.colcon_core.package_identification:_identify(.) by extensions ['ignore', 'ignore_ament_install']
[0.246s] Level 1:colcon.colcon_core.package_identification:_identify(.) by extension 'ignore'
[0.247s] Level 1:colcon.colcon_core.package_identification:_identify(.) by extension 'ignore_ament_install'
[0.247s] Level 1:colcon.colcon_core.package_identification:_identify(.) by extensions ['colcon_pkg']
[0.247s] Level 1:colcon.colcon_core.package_identification:_identify(.) by extension 'colcon_pkg'
[0.247s] Level 1:colcon.colcon_core.package_identification:_identify(.) by extensions ['colcon_meta']
[0.247s] Level 1:colcon.colcon_core.package_identification:_identify(.) by extension 'colcon_meta'
[0.247s] Level 1:colcon.colcon_core.package_identification:_identify(.) by extensions ['ros']
[0.247s] Level 1:colcon.colcon_core.package_identification:_identify(.) by extension 'ros'
[0.255s] Level 1:colcon.colcon_core.package_identification:_identify(.) by extensions ['cmake', 'python']
[0.255s] Level 1:colcon.colcon_core.package_identification:_identify(.) by extension 'cmake'
[0.255s] Level 1:colcon.colcon_core.package_identification:_identify(.) by extension 'python'
[0.255s] Level 1:colcon.colcon_core.package_identification:_identify(.) by extensions ['python_setup_py']
[0.255s] Level 1:colcon.colcon_core.package_identification:_identify(.) by extension 'python_setup_py'
[0.255s] Level 1:colcon.colcon_core.package_identification:_identify(build) by extensions ['ignore', 'ignore_ament_install']
[0.255s] Level 1:colcon.colcon_core.package_identification:_identify(build) by extension 'ignore'
[0.255s] Level 1:colcon.colcon_core.package_identification:_identify(build) ignored
[0.255s] Level 1:colcon.colcon_core.package_identification:_identify(install) by extensions ['ignore', 'ignore_ament_install']
[0.255s] Level 1:colcon.colcon_core.package_identification:_identify(install) by extension 'ignore'
[0.255s] Level 1:colcon.colcon_core.package_identification:_identify(install) ignored
[0.255s] Level 1:colcon.colcon_core.package_identification:_identify(interactive_marker_demo) by extensions ['ignore', 'ignore_ament_install']
[0.255s] Level 1:colcon.colcon_core.package_identification:_identify(interactive_marker_demo) by extension 'ignore'
[0.255s] Level 1:colcon.colcon_core.package_identification:_identify(interactive_marker_demo) by extension 'ignore_ament_install'
[0.255s] Level 1:colcon.colcon_core.package_identification:_identify(interactive_marker_demo) by extensions ['colcon_pkg']
[0.255s] Level 1:colcon.colcon_core.package_identification:_identify(interactive_marker_demo) by extension 'colcon_pkg'
[0.255s] Level 1:colcon.colcon_core.package_identification:_identify(interactive_marker_demo) by extensions ['colcon_meta']
[0.255s] Level 1:colcon.colcon_core.package_identification:_identify(interactive_marker_demo) by extension 'colcon_meta'
[0.255s] Level 1:colcon.colcon_core.package_identification:_identify(interactive_marker_demo) by extensions ['ros']
[0.255s] Level 1:colcon.colcon_core.package_identification:_identify(interactive_marker_demo) by extension 'ros'
[0.257s] DEBUG:colcon.colcon_core.package_identification:Package 'interactive_marker_demo' with type 'ros.ament_cmake' and name 'interactive_marker_demo'
[0.257s] Level 1:colcon.colcon_core.package_identification:_identify(interactive_marker_tutorials) by extensions ['ignore', 'ignore_ament_install']
[0.257s] Level 1:colcon.colcon_core.package_identification:_identify(interactive_marker_tutorials) by extension 'ignore'
[0.258s] Level 1:colcon.colcon_core.package_identification:_identify(interactive_marker_tutorials) by extension 'ignore_ament_install'
[0.258s] Level 1:colcon.colcon_core.package_identification:_identify(interactive_marker_tutorials) by extensions ['colcon_pkg']
[0.258s] Level 1:colcon.colcon_core.package_identification:_identify(interactive_marker_tutorials) by extension 'colcon_pkg'
[0.258s] Level 1:colcon.colcon_core.package_identification:_identify(interactive_marker_tutorials) by extensions ['colcon_meta']
[0.258s] Level 1:colcon.colcon_core.package_identification:_identify(interactive_marker_tutorials) by extension 'colcon_meta'
[0.258s] Level 1:colcon.colcon_core.package_identification:_identify(interactive_marker_tutorials) by extensions ['ros']
[0.258s] Level 1:colcon.colcon_core.package_identification:_identify(interactive_marker_tutorials) by extension 'ros'
[0.258s] DEBUG:colcon.colcon_core.package_identification:Package 'interactive_marker_tutorials' with type 'ros.ament_cmake' and name 'interactive_marker_tutorials'
[0.258s] Level 1:colcon.colcon_core.package_identification:_identify(log) by extensions ['ignore', 'ignore_ament_install']
[0.259s] Level 1:colcon.colcon_core.package_identification:_identify(log) by extension 'ignore'
[0.259s] Level 1:colcon.colcon_core.package_identification:_identify(log) ignored
[0.259s] Level 1:colcon.colcon_core.package_discovery:discover_packages(recursive) using defaults
[0.259s] Level 1:colcon.colcon_core.package_discovery:discover_packages(ignore) discover
[0.259s] Level 1:colcon.colcon_core.package_discovery:discover_packages(ignore) using defaults
[0.259s] Level 1:colcon.colcon_core.package_discovery:discover_packages(path) discover
[0.259s] Level 1:colcon.colcon_core.package_discovery:discover_packages(path) using defaults
[0.275s] INFO:colcon.colcon_core.package_selection:Skipping not selected package 'interactive_marker_demo' in 'interactive_marker_demo'
[0.275s] Level 1:colcon.colcon_core.package_discovery:discover_packages(prefix_path) check parameters
[0.275s] Level 1:colcon.colcon_core.package_discovery:discover_packages(prefix_path) discover
[0.277s] DEBUG:colcon.colcon_installed_package_information.package_discovery:Found 271 installed packages in /opt/ros/humble
[0.279s] Level 1:colcon.colcon_core.package_discovery:discover_packages(prefix_path) using defaults
[0.306s] Level 5:colcon.colcon_core.verb:set package 'interactive_marker_tutorials' build argument 'cmake_args' from command line to 'None'
[0.306s] Level 5:colcon.colcon_core.verb:set package 'interactive_marker_tutorials' build argument 'cmake_target' from command line to 'None'
[0.306s] Level 5:colcon.colcon_core.verb:set package 'interactive_marker_tutorials' build argument 'cmake_target_skip_unavailable' from command line to 'False'
[0.306s] Level 5:colcon.colcon_core.verb:set package 'interactive_marker_tutorials' build argument 'cmake_clean_cache' from command line to 'False'
[0.306s] Level 5:colcon.colcon_core.verb:set package 'interactive_marker_tutorials' build argument 'cmake_clean_first' from command line to 'False'
[0.306s] Level 5:colcon.colcon_core.verb:set package 'interactive_marker_tutorials' build argument 'cmake_force_configure' from command line to 'False'
[0.306s] Level 5:colcon.colcon_core.verb:set package 'interactive_marker_tutorials' build argument 'ament_cmake_args' from command line to 'None'
[0.306s] Level 5:colcon.colcon_core.verb:set package 'interactive_marker_tutorials' build argument 'catkin_cmake_args' from command line to 'None'
[0.306s] Level 5:colcon.colcon_core.verb:set package 'interactive_marker_tutorials' build argument 'catkin_skip_building_tests' from command line to 'False'
[0.306s] DEBUG:colcon.colcon_core.verb:Building package 'interactive_marker_tutorials' with the following arguments: {'ament_cmake_args': None, 'build_base': '/home/lcg/ros2_learning_examples/build/interactive_marker_tutorials', 'catkin_cmake_args': None, 'catkin_skip_building_tests': False, 'cmake_args': None, 'cmake_clean_cache': False, 'cmake_clean_first': False, 'cmake_force_configure': False, 'cmake_target': None, 'cmake_target_skip_unavailable': False, 'install_base': '/home/lcg/ros2_learning_examples/install/interactive_marker_tutorials', 'merge_install': False, 'path': '/home/lcg/ros2_learning_examples/interactive_marker_tutorials', 'symlink_install': False, 'test_result_base': None}
[0.306s] INFO:colcon.colcon_core.executor:Executing jobs using 'parallel' executor
[0.307s] DEBUG:colcon.colcon_parallel_executor.executor.parallel:run_until_complete
[0.307s] INFO:colcon.colcon_ros.task.ament_cmake.build:Building ROS package in '/home/lcg/ros2_learning_examples/interactive_marker_tutorials' with build type 'ament_cmake'
[0.307s] INFO:colcon.colcon_cmake.task.cmake.build:Building CMake package in '/home/lcg/ros2_learning_examples/interactive_marker_tutorials'
[0.310s] INFO:colcon.colcon_core.plugin_system:Skipping extension 'colcon_core.shell.bat': Not used on non-Windows systems
[0.310s] INFO:colcon.colcon_core.shell:Skip shell extension 'powershell' for command environment: Not usable outside of PowerShell
[0.310s] DEBUG:colcon.colcon_core.shell:Skip shell extension 'dsv' for command environment
[0.314s] DEBUG:colcon.colcon_core.event_handler.log_command:Invoking command in '/home/lcg/ros2_learning_examples/build/interactive_marker_tutorials': CMAKE_PREFIX_PATH=/opt/ros/humble /usr/bin/cmake /home/lcg/ros2_learning_examples/interactive_marker_tutorials -DCMAKE_INSTALL_PREFIX=/home/lcg/ros2_learning_examples/install/interactive_marker_tutorials
[1.372s] DEBUG:colcon.colcon_core.event_handler.log_command:Invoked command in '/home/lcg/ros2_learning_examples/build/interactive_marker_tutorials' returned '0': CMAKE_PREFIX_PATH=/opt/ros/humble /usr/bin/cmake /home/lcg/ros2_learning_examples/interactive_marker_tutorials -DCMAKE_INSTALL_PREFIX=/home/lcg/ros2_learning_examples/install/interactive_marker_tutorials
[1.373s] DEBUG:colcon.colcon_core.event_handler.log_command:Invoking command in '/home/lcg/ros2_learning_examples/build/interactive_marker_tutorials': CMAKE_PREFIX_PATH=/opt/ros/humble /usr/bin/cmake --build /home/lcg/ros2_learning_examples/build/interactive_marker_tutorials -- -j8 -l8
[6.745s] DEBUG:colcon.colcon_core.event_handler.log_command:Invoked command in '/home/lcg/ros2_learning_examples/build/interactive_marker_tutorials' returned '0': CMAKE_PREFIX_PATH=/opt/ros/humble /usr/bin/cmake --build /home/lcg/ros2_learning_examples/build/interactive_marker_tutorials -- -j8 -l8
[6.752s] DEBUG:colcon.colcon_core.event_handler.log_command:Invoking command in '/home/lcg/ros2_learning_examples/build/interactive_marker_tutorials': CMAKE_PREFIX_PATH=/opt/ros/humble /usr/bin/cmake --install /home/lcg/ros2_learning_examples/build/interactive_marker_tutorials
[6.767s] Level 1:colcon.colcon_core.environment:create_environment_scripts_only(interactive_marker_tutorials)
[6.767s] DEBUG:colcon.colcon_core.event_handler.log_command:Invoked command in '/home/lcg/ros2_learning_examples/build/interactive_marker_tutorials' returned '0': CMAKE_PREFIX_PATH=/opt/ros/humble /usr/bin/cmake --install /home/lcg/ros2_learning_examples/build/interactive_marker_tutorials
[6.770s] Level 1:colcon.colcon_core.environment:checking '/home/lcg/ros2_learning_examples/install/interactive_marker_tutorials' for CMake module files
[6.771s] Level 1:colcon.colcon_core.environment:checking '/home/lcg/ros2_learning_examples/install/interactive_marker_tutorials' for CMake config files
[6.771s] Level 1:colcon.colcon_core.shell:create_environment_hook('interactive_marker_tutorials', 'cmake_prefix_path')
[6.771s] INFO:colcon.colcon_core.shell:Creating environment hook '/home/lcg/ros2_learning_examples/install/interactive_marker_tutorials/share/interactive_marker_tutorials/hook/cmake_prefix_path.ps1'
[6.771s] INFO:colcon.colcon_core.shell:Creating environment descriptor '/home/lcg/ros2_learning_examples/install/interactive_marker_tutorials/share/interactive_marker_tutorials/hook/cmake_prefix_path.dsv'
[6.772s] INFO:colcon.colcon_core.shell:Creating environment hook '/home/lcg/ros2_learning_examples/install/interactive_marker_tutorials/share/interactive_marker_tutorials/hook/cmake_prefix_path.sh'
[6.772s] Level 1:colcon.colcon_core.environment:checking '/home/lcg/ros2_learning_examples/install/interactive_marker_tutorials/lib'
[6.773s] Level 1:colcon.colcon_core.shell:create_environment_hook('interactive_marker_tutorials', 'ld_library_path_lib')
[6.773s] INFO:colcon.colcon_core.shell:Creating environment hook '/home/lcg/ros2_learning_examples/install/interactive_marker_tutorials/share/interactive_marker_tutorials/hook/ld_library_path_lib.ps1'
[6.773s] INFO:colcon.colcon_core.shell:Creating environment descriptor '/home/lcg/ros2_learning_examples/install/interactive_marker_tutorials/share/interactive_marker_tutorials/hook/ld_library_path_lib.dsv'
[6.773s] INFO:colcon.colcon_core.shell:Creating environment hook '/home/lcg/ros2_learning_examples/install/interactive_marker_tutorials/share/interactive_marker_tutorials/hook/ld_library_path_lib.sh'
[6.773s] Level 1:colcon.colcon_core.environment:checking '/home/lcg/ros2_learning_examples/install/interactive_marker_tutorials/bin'
[6.773s] Level 1:colcon.colcon_core.shell:create_environment_hook('interactive_marker_tutorials', 'path')
[6.774s] INFO:colcon.colcon_core.shell:Creating environment hook '/home/lcg/ros2_learning_examples/install/interactive_marker_tutorials/share/interactive_marker_tutorials/hook/path.ps1'
[6.774s] INFO:colcon.colcon_core.shell:Creating environment descriptor '/home/lcg/ros2_learning_examples/install/interactive_marker_tutorials/share/interactive_marker_tutorials/hook/path.dsv'
[6.774s] INFO:colcon.colcon_core.shell:Creating environment hook '/home/lcg/ros2_learning_examples/install/interactive_marker_tutorials/share/interactive_marker_tutorials/hook/path.sh'
[6.774s] Level 1:colcon.colcon_core.environment:checking '/home/lcg/ros2_learning_examples/install/interactive_marker_tutorials/lib/pkgconfig/interactive_marker_tutorials.pc'
[6.774s] Level 1:colcon.colcon_core.environment:checking '/home/lcg/ros2_learning_examples/install/interactive_marker_tutorials/lib/python3.10/site-packages'
[6.774s] Level 1:colcon.colcon_core.environment:checking '/home/lcg/ros2_learning_examples/install/interactive_marker_tutorials/bin'
[6.774s] Level 1:colcon.colcon_core.shell:create_environment_hook('interactive_marker_tutorials', 'pythonscriptspath')
[6.775s] INFO:colcon.colcon_core.shell:Creating environment hook '/home/lcg/ros2_learning_examples/install/interactive_marker_tutorials/share/interactive_marker_tutorials/hook/pythonscriptspath.ps1'
[6.775s] INFO:colcon.colcon_core.shell:Creating environment descriptor '/home/lcg/ros2_learning_examples/install/interactive_marker_tutorials/share/interactive_marker_tutorials/hook/pythonscriptspath.dsv'
[6.775s] INFO:colcon.colcon_core.shell:Creating environment hook '/home/lcg/ros2_learning_examples/install/interactive_marker_tutorials/share/interactive_marker_tutorials/hook/pythonscriptspath.sh'
[6.775s] INFO:colcon.colcon_core.shell:Creating package script '/home/lcg/ros2_learning_examples/install/interactive_marker_tutorials/share/interactive_marker_tutorials/package.ps1'
[6.776s] INFO:colcon.colcon_core.shell:Creating package descriptor '/home/lcg/ros2_learning_examples/install/interactive_marker_tutorials/share/interactive_marker_tutorials/package.dsv'
[6.776s] INFO:colcon.colcon_core.shell:Creating package script '/home/lcg/ros2_learning_examples/install/interactive_marker_tutorials/share/interactive_marker_tutorials/package.sh'
[6.777s] INFO:colcon.colcon_core.shell:Creating package script '/home/lcg/ros2_learning_examples/install/interactive_marker_tutorials/share/interactive_marker_tutorials/package.bash'
[6.778s] INFO:colcon.colcon_core.shell:Creating package script '/home/lcg/ros2_learning_examples/install/interactive_marker_tutorials/share/interactive_marker_tutorials/package.zsh'
[6.778s] Level 1:colcon.colcon_core.environment:create_file_with_runtime_dependencies(/home/lcg/ros2_learning_examples/install/interactive_marker_tutorials/share/colcon-core/packages/interactive_marker_tutorials)
[6.779s] Level 1:colcon.colcon_core.environment:create_environment_scripts_only(interactive_marker_tutorials)
[6.779s] Level 1:colcon.colcon_core.environment:checking '/home/lcg/ros2_learning_examples/install/interactive_marker_tutorials' for CMake module files
[6.779s] Level 1:colcon.colcon_core.environment:checking '/home/lcg/ros2_learning_examples/install/interactive_marker_tutorials' for CMake config files
[6.779s] Level 1:colcon.colcon_core.shell:create_environment_hook('interactive_marker_tutorials', 'cmake_prefix_path')
[6.780s] INFO:colcon.colcon_core.shell:Creating environment hook '/home/lcg/ros2_learning_examples/install/interactive_marker_tutorials/share/interactive_marker_tutorials/hook/cmake_prefix_path.ps1'
[6.780s] INFO:colcon.colcon_core.shell:Creating environment descriptor '/home/lcg/ros2_learning_examples/install/interactive_marker_tutorials/share/interactive_marker_tutorials/hook/cmake_prefix_path.dsv'
[6.780s] INFO:colcon.colcon_core.shell:Creating environment hook '/home/lcg/ros2_learning_examples/install/interactive_marker_tutorials/share/interactive_marker_tutorials/hook/cmake_prefix_path.sh'
[6.780s] Level 1:colcon.colcon_core.environment:checking '/home/lcg/ros2_learning_examples/install/interactive_marker_tutorials/lib'
[6.780s] Level 1:colcon.colcon_core.shell:create_environment_hook('interactive_marker_tutorials', 'ld_library_path_lib')
[6.780s] INFO:colcon.colcon_core.shell:Creating environment hook '/home/lcg/ros2_learning_examples/install/interactive_marker_tutorials/share/interactive_marker_tutorials/hook/ld_library_path_lib.ps1'
[6.781s] INFO:colcon.colcon_core.shell:Creating environment descriptor '/home/lcg/ros2_learning_examples/install/interactive_marker_tutorials/share/interactive_marker_tutorials/hook/ld_library_path_lib.dsv'
[6.781s] INFO:colcon.colcon_core.shell:Creating environment hook '/home/lcg/ros2_learning_examples/install/interactive_marker_tutorials/share/interactive_marker_tutorials/hook/ld_library_path_lib.sh'
[6.781s] Level 1:colcon.colcon_core.environment:checking '/home/lcg/ros2_learning_examples/install/interactive_marker_tutorials/bin'
[6.781s] Level 1:colcon.colcon_core.shell:create_environment_hook('interactive_marker_tutorials', 'path')
[6.781s] INFO:colcon.colcon_core.shell:Creating environment hook '/home/lcg/ros2_learning_examples/install/interactive_marker_tutorials/share/interactive_marker_tutorials/hook/path.ps1'
[6.781s] INFO:colcon.colcon_core.shell:Creating environment descriptor '/home/lcg/ros2_learning_examples/install/interactive_marker_tutorials/share/interactive_marker_tutorials/hook/path.dsv'
[6.782s] INFO:colcon.colcon_core.shell:Creating environment hook '/home/lcg/ros2_learning_examples/install/interactive_marker_tutorials/share/interactive_marker_tutorials/hook/path.sh'
[6.782s] Level 1:colcon.colcon_core.environment:checking '/home/lcg/ros2_learning_examples/install/interactive_marker_tutorials/lib/pkgconfig/interactive_marker_tutorials.pc'
[6.782s] Level 1:colcon.colcon_core.environment:checking '/home/lcg/ros2_learning_examples/install/interactive_marker_tutorials/lib/python3.10/site-packages'
[6.782s] Level 1:colcon.colcon_core.environment:checking '/home/lcg/ros2_learning_examples/install/interactive_marker_tutorials/bin'
[6.782s] Level 1:colcon.colcon_core.shell:create_environment_hook('interactive_marker_tutorials', 'pythonscriptspath')
[6.782s] INFO:colcon.colcon_core.shell:Creating environment hook '/home/lcg/ros2_learning_examples/install/interactive_marker_tutorials/share/interactive_marker_tutorials/hook/pythonscriptspath.ps1'
[6.783s] INFO:colcon.colcon_core.shell:Creating environment descriptor '/home/lcg/ros2_learning_examples/install/interactive_marker_tutorials/share/interactive_marker_tutorials/hook/pythonscriptspath.dsv'
[6.783s] INFO:colcon.colcon_core.shell:Creating environment hook '/home/lcg/ros2_learning_examples/install/interactive_marker_tutorials/share/interactive_marker_tutorials/hook/pythonscriptspath.sh'
[6.783s] INFO:colcon.colcon_core.shell:Creating package script '/home/lcg/ros2_learning_examples/install/interactive_marker_tutorials/share/interactive_marker_tutorials/package.ps1'
[6.783s] INFO:colcon.colcon_core.shell:Creating package descriptor '/home/lcg/ros2_learning_examples/install/interactive_marker_tutorials/share/interactive_marker_tutorials/package.dsv'
[6.784s] INFO:colcon.colcon_core.shell:Creating package script '/home/lcg/ros2_learning_examples/install/interactive_marker_tutorials/share/interactive_marker_tutorials/package.sh'
[6.784s] INFO:colcon.colcon_core.shell:Creating package script '/home/lcg/ros2_learning_examples/install/interactive_marker_tutorials/share/interactive_marker_tutorials/package.bash'
[6.784s] INFO:colcon.colcon_core.shell:Creating package script '/home/lcg/ros2_learning_examples/install/interactive_marker_tutorials/share/interactive_marker_tutorials/package.zsh'
[6.785s] Level 1:colcon.colcon_core.environment:create_file_with_runtime_dependencies(/home/lcg/ros2_learning_examples/install/interactive_marker_tutorials/share/colcon-core/packages/interactive_marker_tutorials)
[6.785s] DEBUG:colcon.colcon_parallel_executor.executor.parallel:closing loop
[6.785s] DEBUG:colcon.colcon_parallel_executor.executor.parallel:loop closed
[6.785s] DEBUG:colcon.colcon_parallel_executor.executor.parallel:run_until_complete finished with '0'
[6.785s] DEBUG:colcon.colcon_core.event_reactor:joining thread
[6.789s] INFO:colcon.colcon_core.plugin_system:Skipping extension 'colcon_notification.desktop_notification.terminal_notifier': Not used on non-Darwin systems
[6.789s] INFO:colcon.colcon_core.plugin_system:Skipping extension 'colcon_notification.desktop_notification.win32': Not used on non-Windows systems
[6.789s] INFO:colcon.colcon_notification.desktop_notification:Sending desktop notification using 'notify2'
[6.797s] DEBUG:colcon.colcon_core.event_reactor:joined thread
[6.798s] INFO:colcon.colcon_core.shell:Creating prefix script '/home/lcg/ros2_learning_examples/install/local_setup.ps1'
[6.799s] INFO:colcon.colcon_core.shell:Creating prefix util module '/home/lcg/ros2_learning_examples/install/_local_setup_util_ps1.py'
[6.801s] INFO:colcon.colcon_core.shell:Creating prefix chain script '/home/lcg/ros2_learning_examples/install/setup.ps1'
[6.803s] INFO:colcon.colcon_core.shell:Creating prefix script '/home/lcg/ros2_learning_examples/install/local_setup.sh'
[6.803s] INFO:colcon.colcon_core.shell:Creating prefix util module '/home/lcg/ros2_learning_examples/install/_local_setup_util_sh.py'
[6.804s] INFO:colcon.colcon_core.shell:Creating prefix chain script '/home/lcg/ros2_learning_examples/install/setup.sh'
[6.805s] INFO:colcon.colcon_core.shell:Creating prefix script '/home/lcg/ros2_learning_examples/install/local_setup.bash'
[6.805s] INFO:colcon.colcon_core.shell:Creating prefix chain script '/home/lcg/ros2_learning_examples/install/setup.bash'
[6.806s] INFO:colcon.colcon_core.shell:Creating prefix script '/home/lcg/ros2_learning_examples/install/local_setup.zsh'
[6.807s] INFO:colcon.colcon_core.shell:Creating prefix chain script '/home/lcg/ros2_learning_examples/install/setup.zsh'
